c:\projects\mp2\manipulability_app\manipulability_core\x64\debug\vc120.pdb
c:\projects\mp2\manipulability_app\manipulability_core\x64\debug\vc120.idb
c:\projects\mp2\manipulability_app\manipulability_core\x64\debug\posturecriteria_abc.obj
c:\projects\mp2\manipulability_app\manipulability_core\x64\debug\posturemanagerimpl.obj
c:\projects\mp2\manipulability_app\manipulability_core\x64\debug\posturesolver.obj
c:\projects\mp2\manipulability_app\manipulability_core\x64\debug\spidergait.obj
c:\projects\mp2\manipulability_app\manipulability_core\x64\debug\trajectory.obj
c:\projects\mp2\manipulability_app\manipulability_core\x64\debug\octree.obj
c:\projects\mp2\manipulability_app\manipulability_core\x64\debug\sample.obj
c:\projects\mp2\manipulability_app\manipulability_core\x64\debug\samplegenerator.obj
c:\projects\mp2\manipulability_app\manipulability_core\x64\debug\samplegeneratorvisitor_abc.obj
c:\projects\mp2\manipulability_app\manipulability_core\x64\debug\trajectoryhandler.obj
c:\projects\mp2\manipulability_app\manipulability_core\x64\debug\collisionhandlercoldet.obj
c:\projects\mp2\manipulability_app\manipulability_core\x64\debug\collisionhandlerdefault.obj
c:\projects\mp2\manipulability_app\manipulability_core\x64\debug\collisionhandlerozcollide.obj
c:\projects\mp2\manipulability_app\manipulability_core\x64\debug\collisionhandler_abc.obj
c:\projects\mp2\manipulability_app\manipulability_core\x64\debug\intersection.obj
c:\projects\mp2\manipulability_app\manipulability_core\x64\debug\obstacle.obj
c:\projects\mp2\manipulability_app\manipulability_core\x64\debug\obstaclevisitor_abc.obj
c:\projects\mp2\manipulability_app\manipulability_core\x64\debug\world.obj
c:\projects\mp2\manipulability_app\manipulability_core\x64\debug\matrixdefs.obj
c:\projects\mp2\manipulability_app\manipulability_core\x64\debug\timer.obj
c:\projects\mp2\manipulability_app\manipulability_core\x64\debug\jointconstraint.obj
c:\projects\mp2\manipulability_app\manipulability_core\x64\debug\obstacleconstraint.obj
c:\projects\mp2\manipulability_app\manipulability_core\x64\debug\partialderivativeconstraint.obj
c:\projects\mp2\manipulability_app\manipulability_core\x64\debug\postureconstraint.obj
c:\projects\mp2\manipulability_app\manipulability_core\x64\debug\com.obj
c:\projects\mp2\manipulability_app\manipulability_core\x64\debug\comvisitor_abc.obj
c:\projects\mp2\manipulability_app\manipulability_core\x64\debug\jacobian.obj
c:\projects\mp2\manipulability_app\manipulability_core\x64\debug\joint.obj
c:\projects\mp2\manipulability_app\manipulability_core\x64\debug\robot.obj
c:\projects\mp2\manipulability_app\manipulability_core\x64\debug\robotfactory.obj
c:\projects\mp2\manipulability_app\manipulability_core\x64\debug\robotvisitor_abc.obj
c:\projects\mp2\manipulability_app\manipulability_core\x64\debug\supportpolygon.obj
c:\projects\mp2\manipulability_app\manipulability_core\x64\debug\supportpolygonvisitor_abc.obj
c:\projects\mp2\manipulability_app\manipulability_core\x64\debug\tree.obj
c:\projects\mp2\manipulability_app\manipulability_core\x64\debug\treefactory.obj
c:\projects\mp2\manipulability_app\manipulability_core\x64\debug\posturecriteriatoeoffboundary.obj
c:\projects\mp2\manipulability_app\manipulability_core\x64\debug\posturecriteriatoeoffgait.obj
c:\projects\mp2\manipulability_app\manipulability_core\x64\debug\posturecriteriatoeoffjointlimit.obj
c:\projects\mp2\manipulability_app\manipulability_core\x64\debug\posturecriteriatoeoncom.obj
c:\projects\mp2\manipulability_app\manipulability_core\x64\debug\posturecriteriatoeongait.obj
c:\projects\mp2\manipulability_app\manipulability_core\x64\debug\iksolveri.obj
c:\projects\mp2\manipulability_app\manipulability_core\x64\debug\worldmanageri.obj
c:\projects\mp2\manipulability_app\manipulability_core\x64\debug\bvhexporter.obj
c:\projects\mp2\manipulability_app\manipulability_core\x64\debug\filterdistance.obj
c:\projects\mp2\manipulability_app\manipulability_core\x64\debug\filterdistanceobstacle.obj
c:\projects\mp2\manipulability_app\manipulability_core\x64\debug\filter_abc.obj
c:\projects\mp2\manipulability_app\manipulability_core\x64\debug\forcemanipulabilityconstraint.obj
c:\projects\mp2\manipulability_app\manipulability_core\x64\debug\ikconstrainthandler.obj
c:\projects\mp2\manipulability_app\manipulability_core\x64\debug\iksolver.obj
c:\projects\mp2\manipulability_app\build\x64\debug\manipulability_core.lib
c:\projects\mp2\manipulability_app\build\x64\debug\manipulability_core.exp
c:\projects\mp2\manipulability_app\build\x64\debug\manipulability_core.pdb
c:\projects\mp2\manipulability_app\manipulability_core\x64\debug\manipula.c949ac4f.tlog\cl.command.1.tlog
c:\projects\mp2\manipulability_app\manipulability_core\x64\debug\manipula.c949ac4f.tlog\cl.read.1.tlog
c:\projects\mp2\manipulability_app\manipulability_core\x64\debug\manipula.c949ac4f.tlog\cl.write.1.tlog
c:\projects\mp2\manipulability_app\manipulability_core\x64\debug\manipula.c949ac4f.tlog\link-cvtres.read.1.tlog
c:\projects\mp2\manipulability_app\manipulability_core\x64\debug\manipula.c949ac4f.tlog\link-cvtres.write.1.tlog
c:\projects\mp2\manipulability_app\manipulability_core\x64\debug\manipula.c949ac4f.tlog\link-rc.read.1.tlog
c:\projects\mp2\manipulability_app\manipulability_core\x64\debug\manipula.c949ac4f.tlog\link-rc.write.1.tlog
c:\projects\mp2\manipulability_app\manipulability_core\x64\debug\manipula.c949ac4f.tlog\link.11124-cvtres.read.1.tlog
c:\projects\mp2\manipulability_app\manipulability_core\x64\debug\manipula.c949ac4f.tlog\link.11124-cvtres.write.1.tlog
c:\projects\mp2\manipulability_app\manipulability_core\x64\debug\manipula.c949ac4f.tlog\link.11124-rc.read.1.tlog
c:\projects\mp2\manipulability_app\manipulability_core\x64\debug\manipula.c949ac4f.tlog\link.11124-rc.write.1.tlog
c:\projects\mp2\manipulability_app\manipulability_core\x64\debug\manipula.c949ac4f.tlog\link.11124.read.1.tlog
c:\projects\mp2\manipulability_app\manipulability_core\x64\debug\manipula.c949ac4f.tlog\link.11124.write.1.tlog
c:\projects\mp2\manipulability_app\manipulability_core\x64\debug\manipula.c949ac4f.tlog\link.command.1.tlog
c:\projects\mp2\manipulability_app\manipulability_core\x64\debug\manipula.c949ac4f.tlog\link.read.1.tlog
c:\projects\mp2\manipulability_app\manipulability_core\x64\debug\manipula.c949ac4f.tlog\link.write.1.tlog
c:\projects\mp2\manipulability_app\manipulability_core\x64\debug\manipula.c949ac4f.tlog\manipulability_core.write.1u.tlog
