Build started 19/06/2014 1:30:11 PM.
     1>Project "C:\Projects\mp2\manipulability_app\manipulability_core\manipulability_core.vcxproj" on node 2 (Build target(s)).
     1>Link:
         C:\Program Files (x86)\Microsoft Visual Studio 12.0\VC\bin\x86_amd64\link.exe /ERRORREPORT:PROMPT /OUT:"C:\Projects\mp2\manipulability_app\build\x64\Debug\manipulability_core.dll" /INCREMENTAL /NOLOGO /LIBPATH:C:\Lib64\PCL\lib /LIBPATH:..\lib\vc100\64 /LIBPATH:\Dependencies\boost\lib /LIBPATH:"\Dependencies\cppunit-1.12.1\lib" /LIBPATH:\Dependencies/tbb/lib/intel64/vc9 pcl_octree_debug.lib mosek64_7_0.lib System_vc80.lib Serialization_vc80.lib Math_vc80.lib Ext_vc80.lib ozcollided.lib kernel32.lib user32.lib gdi32.lib winspool.lib comdlg32.lib advapi32.lib shell32.lib ole32.lib oleaut32.lib uuid.lib odbc32.lib odbccp32.lib /MANIFEST /MANIFESTUAC:"level='asInvoker' uiAccess='false'" /manifest:embed /DEBUG /PDB:"C:\Projects\mp2\manipulability_app\build\x64\Debug\manipulability_core.pdb" /SUBSYSTEM:WINDOWS /TLBID:1 /DYNAMICBASE /NXCOMPAT /IMPLIB:"C:\Projects\mp2\manipulability_app\build\x64\Debug\manipulability_core.lib" /MACHINE:X64 /DLL x64\Debug\IKSolverI.obj
         x64\Debug\WorldManagerI.obj
         x64\Debug\BVHExporter.obj
         x64\Debug\FilterDistance.obj
         x64\Debug\FilterDistanceObstacle.obj
         x64\Debug\Filter_ABC.obj
         x64\Debug\ForceManipulabilityConstraint.obj
         x64\Debug\IkConstraintHandler.obj
         x64\Debug\IKSolver.obj
         x64\Debug\JointConstraint.obj
         x64\Debug\ObstacleConstraint.obj
         x64\Debug\PartialDerivativeConstraint.obj
         x64\Debug\PostureConstraint.obj
         x64\Debug\Com.obj
         x64\Debug\ComVisitor_ABC.obj
         x64\Debug\Jacobian.obj
         x64\Debug\Joint.obj
         x64\Debug\Robot.obj
         x64\Debug\RobotFactory.obj
         x64\Debug\RobotVisitor_ABC.obj
         x64\Debug\SupportPolygon.obj
         x64\Debug\SupportPolygonVisitor_ABC.obj
         x64\Debug\Tree.obj
         x64\Debug\TreeFactory.obj
         x64\Debug\PostureCriteriaToeOffBoundary.obj
         x64\Debug\PostureCriteriaToeOffGait.obj
         x64\Debug\PostureCriteriaToeOffJointLimit.obj
         x64\Debug\PostureCriteriaToeOnCOM.obj
         x64\Debug\PostureCriteriaToeOnGait.obj
         x64\Debug\PostureCriteria_ABC.obj
         x64\Debug\PostureManagerImpl.obj
         x64\Debug\PostureSolver.obj
         x64\Debug\SpiderGait.obj
         x64\Debug\Trajectory.obj
         x64\Debug\Octree.obj
         x64\Debug\Sample.obj
         x64\Debug\SampleGenerator.obj
         x64\Debug\SampleGeneratorVisitor_ABC.obj
         x64\Debug\TrajectoryHandler.obj
         x64\Debug\CollisionHandlerColdet.obj
         x64\Debug\CollisionHandlerDefault.obj
         x64\Debug\CollisionHandlerOzCollide.obj
         x64\Debug\CollisionHandler_ABC.obj
         x64\Debug\Intersection.obj
         x64\Debug\Obstacle.obj
         x64\Debug\ObstacleVisitor_ABC.obj
         x64\Debug\World.obj
         x64\Debug\MatrixDefs.obj
         x64\Debug\Timer.obj
            Creating library C:\Projects\mp2\manipulability_app\build\x64\Debug\manipulability_core.lib and object C:\Projects\mp2\manipulability_app\build\x64\Debug\manipulability_core.exp
     1>LINK : warning LNK4098: defaultlib 'LIBCMT' conflicts with use of other libs; use /NODEFAULTLIB:library
     1>libcpmtd.lib(cout.obj) : error LNK2001: unresolved external symbol _CrtDbgReportW
     1>libcpmtd.lib(wlocale.obj) : error LNK2001: unresolved external symbol _CrtDbgReportW
     1>libcpmtd.lib(xlocale.obj) : error LNK2001: unresolved external symbol _CrtDbgReportW
     1>libcpmtd.lib(xmbtowc.obj) : error LNK2001: unresolved external symbol _CrtDbgReportW
     1>TrajectoryHandler.obj : error LNK2001: unresolved external symbol _CrtDbgReportW
     1>CollisionHandlerDefault.obj : error LNK2001: unresolved external symbol _CrtDbgReportW
     1>World.obj : error LNK2001: unresolved external symbol _CrtDbgReportW
     1>libcpmtd.lib(stdthrow.obj) : error LNK2001: unresolved external symbol _CrtDbgReportW
     1>PostureSolver.obj : error LNK2001: unresolved external symbol _CrtDbgReportW
     1>Trajectory.obj : error LNK2001: unresolved external symbol _CrtDbgReportW
     1>Sample.obj : error LNK2001: unresolved external symbol _CrtDbgReportW
     1>SampleGenerator.obj : error LNK2001: unresolved external symbol _CrtDbgReportW
     1>PostureConstraint.obj : error LNK2001: unresolved external symbol _CrtDbgReportW
     1>Robot.obj : error LNK2001: unresolved external symbol _CrtDbgReportW
     1>SupportPolygon.obj : error LNK2001: unresolved external symbol _CrtDbgReportW
     1>PostureManagerImpl.obj : error LNK2019: unresolved external symbol _CrtDbgReportW referenced in function "public: static char * __cdecl std::char_traits<char>::copy(char *,char const *,unsigned __int64)" (?copy@?$char_traits@D@std@@SAPEADPEADPEBD_K@Z)
     1>WorldManagerI.obj : error LNK2001: unresolved external symbol _CrtDbgReportW
     1>BVHExporter.obj : error LNK2001: unresolved external symbol _CrtDbgReportW
     1>IkConstraintHandler.obj : error LNK2001: unresolved external symbol _CrtDbgReportW
     1>IKSolver.obj : error LNK2001: unresolved external symbol _CrtDbgReportW
     1>libcpmtd.lib(xwcsxfrm.obj) : error LNK2001: unresolved external symbol _free_dbg
     1>libcpmtd.lib(cout.obj) : error LNK2001: unresolved external symbol _free_dbg
     1>libcpmtd.lib(locale.obj) : error LNK2001: unresolved external symbol _free_dbg
     1>libcpmtd.lib(wlocale.obj) : error LNK2001: unresolved external symbol _free_dbg
     1>libcpmtd.lib(xlocale.obj) : error LNK2001: unresolved external symbol _free_dbg
     1>BVHExporter.obj : error LNK2019: unresolved external symbol _free_dbg referenced in function "private: void __cdecl std::_Yarn<char>::_Tidy(void)" (?_Tidy@?$_Yarn@D@std@@AEAAXXZ)
     1>SupportPolygon.obj : error LNK2001: unresolved external symbol _free_dbg
     1>libcpmtd.lib(locale0.obj) : error LNK2001: unresolved external symbol _free_dbg
     1>libcpmtd.lib(xdebug.obj) : error LNK2001: unresolved external symbol _free_dbg
     1>libcpmtd.lib(_tolower.obj) : error LNK2019: unresolved external symbol _calloc_dbg referenced in function _Getctype
     1>libcpmtd.lib(xlocale.obj) : error LNK2001: unresolved external symbol _malloc_dbg
     1>libcpmtd.lib(xwcsxfrm.obj) : error LNK2001: unresolved external symbol _malloc_dbg
     1>libcpmtd.lib(locale0.obj) : error LNK2019: unresolved external symbol _malloc_dbg referenced in function "public: class std::_Yarn<char> & __cdecl std::_Yarn<char>::operator=(char const *)" (??4?$_Yarn@D@std@@QEAAAEAV01@PEBD@Z)
     1>libcpmtd.lib(xdebug.obj) : error LNK2001: unresolved external symbol _malloc_dbg
     1>libcpmtd.lib(locale.obj) : error LNK2001: unresolved external symbol _malloc_dbg
     1>libcpmtd.lib(wlocale.obj) : error LNK2001: unresolved external symbol _malloc_dbg
     1>libcpmtd.lib(locale.obj) : error LNK2019: unresolved external symbol _realloc_dbg referenced in function "private: static void __cdecl std::locale::_Locimp::_Locimp_Addfac(class std::locale::_Locimp *,class std::locale::facet *,unsigned __int64)" (?_Locimp_Addfac@_Locimp@locale@std@@CAXPEAV123@PEAVfacet@23@_K@Z)
     1>C:\Projects\mp2\manipulability_app\build\x64\Debug\manipulability_core.dll : fatal error LNK1120: 5 unresolved externals
     1>Done Building Project "C:\Projects\mp2\manipulability_app\manipulability_core\manipulability_core.vcxproj" (Build target(s)) -- FAILED.

Build FAILED.

Time Elapsed 00:00:01.73
