Build started 27/05/2014 12:13:39 PM.
     1>Project "C:\Users\HeYang\documents\visual studio 2013\Projects\ConsoleApplication1\ConsoleApplication1\ConsoleApplication1.vcxproj" on node 2 (Build target(s)).
     1>C:\Program Files (x86)\MSBuild\Microsoft.Cpp\v4.0\V120\Microsoft.CppBuild.targets(381,5): warning MSB8028: The intermediate directory (Debug\) contains files shared from another project (ConsoleApplication1.vcxproj).  This can lead to incorrect clean and rebuild behavior.
     1>ClCompile:
         C:\Program Files (x86)\Microsoft Visual Studio 12.0\VC\bin\CL.exe /c /I"C:\Lib\glm-0.9.5.3" /I"C:\Lib\eigen-eigen-6b38706d90a9" /IC:\Lib\t\manipulabilityreduced\src /ZI /nologo /W3 /WX- /sdl /Od /Oy- /D WIN32 /D _DEBUG /D _CONSOLE /D _LIB /D _UNICODE /D UNICODE /Gm /EHsc /RTC1 /MTd /GS /fp:precise /Zc:wchar_t /Zc:forScope /Fo"Debug\\" /Fd"Debug\vc120.pdb" /Gd /TP /analyze- /errorReport:prompt SampleGeneratorTestApp.cpp
         SampleGeneratorTestApp.cpp
     1>c:\lib\t\manipulabilityreduced\src\skeleton\joint.h(51): warning C4251: 'manip_core::Joint::v_' : class 'Eigen::Matrix<double,3,1,0,3,1>' needs to have dll-interface to be used by clients of class 'manip_core::Joint'
     1>c:\lib\t\manipulabilityreduced\src\skeleton\joint.h(54): warning C4251: 'manip_core::Joint::attach_' : class 'Eigen::Matrix<double,3,1,0,3,1>' needs to have dll-interface to be used by clients of class 'manip_core::Joint'
     1>c:\lib\t\manipulabilityreduced\src\skeleton\joint.h(55): warning C4251: 'manip_core::Joint::r_' : class 'Eigen::Matrix<double,3,1,0,3,1>' needs to have dll-interface to be used by clients of class 'manip_core::Joint'
     1>c:\lib\t\manipulabilityreduced\src\skeleton\joint.h(57): warning C4251: 'manip_core::Joint::s_' : class 'Eigen::Matrix<double,3,1,0,3,1>' needs to have dll-interface to be used by clients of class 'manip_core::Joint'
     1>c:\lib\t\manipulabilityreduced\src\skeleton\joint.h(58): warning C4251: 'manip_core::Joint::w_' : class 'Eigen::Matrix<double,3,1,0,3,1>' needs to have dll-interface to be used by clients of class 'manip_core::Joint'
     1>c:\lib\t\manipulabilityreduced\src\skeleton\robot.h(62): warning C4251: 'manip_core::Robot::pImpl_' : class 'std::auto_ptr<manip_core::RobotPImpl>' needs to have dll-interface to be used by clients of class 'manip_core::Robot'
     1>c:\users\heyang\documents\visual studio 2013\projects\consoleapplication1\consoleapplication1\samplegeneratortestapp.cpp(170): warning C4091: 'static ' : ignored on left of 'Painter' when no variable is declared
     1>c:\users\heyang\documents\visual studio 2013\projects\consoleapplication1\consoleapplication1\samplegeneratortestapp.cpp(137): warning C4018: '<' : signed/unsigned mismatch
       Link:
         C:\Program Files (x86)\Microsoft Visual Studio 12.0\VC\bin\link.exe /ERRORREPORT:PROMPT /OUT:"C:\Users\HeYang\documents\visual studio 2013\Projects\ConsoleApplication1\Debug\SampleGeneratorTestApp.exe" /INCREMENTAL /NOLOGO /LIBPATH:C:\Lib\t\manipulabilityreduced\lib\Debug glew32.lib glut32.lib manipulability_reduced.lib kernel32.lib user32.lib gdi32.lib winspool.lib comdlg32.lib advapi32.lib shell32.lib ole32.lib oleaut32.lib uuid.lib odbc32.lib odbccp32.lib kernel32.lib user32.lib gdi32.lib winspool.lib comdlg32.lib advapi32.lib shell32.lib ole32.lib oleaut32.lib uuid.lib odbc32.lib odbccp32.lib /MANIFEST /MANIFESTUAC:"level='asInvoker' uiAccess='false'" /manifest:embed /DEBUG /PDB:"C:\Users\HeYang\documents\visual studio 2013\Projects\ConsoleApplication1\Debug\SampleGeneratorTestApp.pdb" /SUBSYSTEM:CONSOLE /TLBID:1 /DYNAMICBASE /NXCOMPAT /IMPLIB:"C:\Users\HeYang\documents\visual studio 2013\Projects\ConsoleApplication1\Debug\SampleGeneratorTestApp.lib" /MACHINE:X86 Debug\Math.obj
         Debug\PostureCriteriaToeOnCOM.obj
         Debug\PostureCriteria_ABC.obj
         Debug\PostureManager.obj
         Debug\SupportPolygon.obj
         Debug\SampleGeneratorTestApp.obj
         Debug\RobotManager.obj
         Debug\WorldManager.obj
         ConsoleApplication1.vcxproj -> C:\Users\HeYang\documents\visual studio 2013\Projects\ConsoleApplication1\Debug\SampleGeneratorTestApp.exe
     1>Done Building Project "C:\Users\HeYang\documents\visual studio 2013\Projects\ConsoleApplication1\ConsoleApplication1\ConsoleApplication1.vcxproj" (Build target(s)).

Build succeeded.

Time Elapsed 00:00:03.35
